 files_out.out - OUTPUT FILES WRITTEN
 HRU                       hru_wb_yr.txt
 HRU                       hru_wb_aa.txt
 HRU                       hru_nb_yr.txt
 HRU                       hru_nb_aa.txt
 HRU                       hru_ls_yr.txt
 HRU                       hru_ls_aa.txt
 HRU                       hru_pw_yr.txt
 HRU                       hru_pw_aa.txt
 ROUTING_UNIT              lsunit_wb_yr.txt
 ROUTING_UNIT              lsunit_nb_yr.txt
 ROUTING_UNIT              lsunit_ls_yr.txt
 ROUTING_UNIT              lsunit_pw_yr.txt
 BASIN                     basin_wb_yr.txt
 BASIN                     basin_wb_aa.txt
 BASIN                     basin_nb_yr.txt
 BASIN                     basin_nb_aa.txt
 BASIN                     basin_ls_yr.txt
 BASIN                     basin_ls_aa.txt
 BASIN                     basin_pw_yr.txt
 BASIN                     basin_pw_aa.txt
 CROP                      crop_yld_aa.txt
 AQUIFER                   aquifer_yr.txt
 SWAT-DEG_CHANNEL          channel_sd_yr.txt
 SWAT-DEG_CHANNEL          channel_sd_aa.txt
 SWAT-DEG_CHANNEL_MORPH    channel_sdmorph_yr.txt
 SWAT-DEG_CHANNEL_MORPH    channel_sdmorph_aa.txt
 BASIN_CROP_YLD            basin_crop_yld_yr.txt
 BASIN_CROP_YLD            basin_crop_yld_aa.txt
 RES                       reservoir_yr.txt
 RES_WET                   wetland_yr.txt
 BASIN_SWAT_DEG_CHANNEL    basin_sd_cha_yr.txt
 BASIN_SWAT_DEG_CHANNEL    basin_sd_cha_aa.txt
 BASIN_SWAT_DEG_CHAN_MORPH basin_sd_chamorph_yr.txt
 BASIN_SWAT_DEG_CHAN_MORPH basin_sd_chamorph_aa.txt
